2024-11-19 15:10:09,239 - INFO - identify_fragments.py --riff_diff_dir ./ --theozyme_pdb examples/inputs/5an7.pdb --theozyme_resnums 1083A,1051A,1110A,1180A --working_dir examples/outputs/rad_fragments/ --output_prefix None --ligands 5001A --fragment_pdb None --pick_frags_from_db False --channel_chain None --rotamer_position auto --rmsd_cutoff 1.0 --prob_cutoff 0.05 --add_equivalent_func_groups True --max_frags 100 --covalent_bonds None --rotamer_ligand_clash_detection_vdw_multiplier 0.75 --backbone_ligand_clash_detection_vdw_multiplier 1.0 --channel_fragment_clash_detection_vdw_multiplier 1.0 --fragsize 7 --rot_sec_struct None --frag_sec_struct_fraction None --phipsi_occurrence_cutoff 0.5 --jobstarter Local --cpus 320 --rotamer_chi_binsize None --rotamer_phipsi_binsize None --phi_psi_bin 9.9 --max_phi_psis 15 --rotamer_diff_to_best 0.7 --his_central_atom auto --not_flip_symmetric False --rotate_histidine False --rotate_histidines_deg 30 --rotate_phenylalanine False --rotate_phenylalanines_deg 60 --prob_weight 2 --occurrence_weight 1 --backbone_score_weight 1 --rotamer_score_weight 1 --chi_std_multiplier 2 
2024-11-19 15:10:09,272 - ERROR - Input backbone fragment pdb must only contain a single chain and a single model!
2024-11-19 15:10:09,272 - INFO - Found ligand in chain A with residue number 5001.
2024-11-19 15:10:09,272 - INFO - No channel placeholder chain provided. Channel placeholder will be added automatically in following steps.
2024-11-19 15:10:09,272 - INFO - Added residues with equivalent functional groups: ['LYS']
2024-11-19 15:10:09,284 - INFO - Identifying rotamers...
2024-11-19 15:10:09,284 - INFO - Position 2 phi/psi angles: -64.8 / -41.0.
2024-11-19 15:10:09,319 - INFO - Searching for rotamers in phi/psi bin -60.0/-40.0.
2024-11-19 15:10:09,328 - INFO - Found 42 rotamers for position 2.
2024-11-19 15:10:09,329 - INFO - Position 3 phi/psi angles: -64.8 / -41.0.
2024-11-19 15:10:09,360 - INFO - Searching for rotamers in phi/psi bin -60.0/-40.0.
2024-11-19 15:10:09,370 - INFO - Found 42 rotamers for position 3.
2024-11-19 15:10:09,370 - INFO - Position 4 phi/psi angles: -64.8 / -41.0.
2024-11-19 15:10:09,403 - INFO - Searching for rotamers in phi/psi bin -60.0/-40.0.
2024-11-19 15:10:09,412 - INFO - Found 42 rotamers for position 4.
2024-11-19 15:10:09,412 - INFO - Position 5 phi/psi angles: -64.8 / -41.0.
2024-11-19 15:10:09,445 - INFO - Searching for rotamers in phi/psi bin -60.0/-40.0.
2024-11-19 15:10:09,454 - INFO - Found 42 rotamers for position 5.
2024-11-19 15:10:09,454 - INFO - Position 6 phi/psi angles: -64.8 / -40.9.
2024-11-19 15:10:09,488 - INFO - Searching for rotamers in phi/psi bin -60.0/-40.0.
2024-11-19 15:10:09,497 - INFO - Found 42 rotamers for position 6.
2024-11-19 15:10:09,499 - INFO - Found 210 rotamers in total.
2024-11-19 15:10:09,499 - INFO - Writing phi/psi combinations to examples/outputs/rad_fragments/fragments/rotamer_info/rotamers_1083A_combined.csv.
2024-11-19 15:10:09,546 - INFO - Created 42 fragments for position 2.
2024-11-19 15:10:09,593 - INFO - Created 42 fragments for position 3.
2024-11-19 15:10:09,640 - INFO - Created 42 fragments for position 4.
2024-11-19 15:10:09,687 - INFO - Created 42 fragments for position 5.
2024-11-19 15:10:09,733 - INFO - Created 42 fragments for position 6.
2024-11-19 15:10:09,735 - INFO - Creating fragment structures, attaching rotamer, superpositioning with theozyme residue, calculating rmsd to all accepted fragments with cutoff 1.0 A for position 2.
2024-11-19 15:10:10,325 - INFO - Discarded 0 fragments that show clashes between backbone and channel placeholder with VdW multiplier 1.0
2024-11-19 15:10:10,325 - INFO - Discarded 0 fragments that show clashes between backbone and ligand with VdW multiplier 1.0
2024-11-19 15:10:10,325 - INFO - Discarded 0 fragments that show clashes between sidechain and ligand with VdW multiplier 0.75
2024-11-19 15:10:10,325 - INFO - Discarded 30 fragments that did not pass RMSD cutoff of 1.0 to all other picked fragments
2024-11-19 15:10:10,325 - INFO - Found 12 fragments for position 2 of a maximum of 20.
2024-11-19 15:10:10,330 - INFO - Creating fragment structures, attaching rotamer, superpositioning with theozyme residue, calculating rmsd to all accepted fragments with cutoff 1.0 A for position 3.
2024-11-19 15:10:10,920 - INFO - Discarded 0 fragments that show clashes between backbone and channel placeholder with VdW multiplier 1.0
2024-11-19 15:10:10,920 - INFO - Discarded 0 fragments that show clashes between backbone and ligand with VdW multiplier 1.0
2024-11-19 15:10:10,920 - INFO - Discarded 0 fragments that show clashes between sidechain and ligand with VdW multiplier 0.75
2024-11-19 15:10:10,920 - INFO - Discarded 34 fragments that did not pass RMSD cutoff of 1.0 to all other picked fragments
2024-11-19 15:10:10,920 - INFO - Found 8 fragments for position 3 of a maximum of 28.
2024-11-19 15:10:10,923 - INFO - Creating fragment structures, attaching rotamer, superpositioning with theozyme residue, calculating rmsd to all accepted fragments with cutoff 1.0 A for position 4.
2024-11-19 15:10:11,517 - INFO - Discarded 0 fragments that show clashes between backbone and channel placeholder with VdW multiplier 1.0
2024-11-19 15:10:11,517 - INFO - Discarded 0 fragments that show clashes between backbone and ligand with VdW multiplier 1.0
2024-11-19 15:10:11,517 - INFO - Discarded 0 fragments that show clashes between sidechain and ligand with VdW multiplier 0.75
2024-11-19 15:10:11,517 - INFO - Discarded 34 fragments that did not pass RMSD cutoff of 1.0 to all other picked fragments
2024-11-19 15:10:11,517 - INFO - Found 8 fragments for position 4 of a maximum of 40.
2024-11-19 15:10:11,520 - INFO - Creating fragment structures, attaching rotamer, superpositioning with theozyme residue, calculating rmsd to all accepted fragments with cutoff 1.0 A for position 5.
2024-11-19 15:10:12,113 - INFO - Discarded 0 fragments that show clashes between backbone and channel placeholder with VdW multiplier 1.0
2024-11-19 15:10:12,113 - INFO - Discarded 0 fragments that show clashes between backbone and ligand with VdW multiplier 1.0
2024-11-19 15:10:12,113 - INFO - Discarded 0 fragments that show clashes between sidechain and ligand with VdW multiplier 0.75
2024-11-19 15:10:12,113 - INFO - Discarded 36 fragments that did not pass RMSD cutoff of 1.0 to all other picked fragments
2024-11-19 15:10:12,113 - INFO - Found 6 fragments for position 5 of a maximum of 52.
2024-11-19 15:10:12,116 - INFO - Creating fragment structures, attaching rotamer, superpositioning with theozyme residue, calculating rmsd to all accepted fragments with cutoff 1.0 A for position 6.
2024-11-19 15:10:12,715 - INFO - Discarded 0 fragments that show clashes between backbone and channel placeholder with VdW multiplier 1.0
2024-11-19 15:10:12,715 - INFO - Discarded 0 fragments that show clashes between backbone and ligand with VdW multiplier 1.0
2024-11-19 15:10:12,715 - INFO - Discarded 0 fragments that show clashes between sidechain and ligand with VdW multiplier 0.75
2024-11-19 15:10:12,715 - INFO - Discarded 30 fragments that did not pass RMSD cutoff of 1.0 to all other picked fragments
2024-11-19 15:10:12,715 - INFO - Found 12 fragments for position 6 of a maximum of 66.
2024-11-19 15:10:12,720 - INFO - Found 46 fragments that passed all filters.
2024-11-19 15:10:12,722 - INFO - Writing fragment details to examples/outputs/rad_fragments/fragments/fragment_info/fragments_1083A.csv.
2024-11-19 15:10:12,724 - INFO - Writing multimodel fragment pdb to examples/outputs/rad_fragments/fragments/1083A.pdb.
2024-11-19 15:10:12,735 - INFO - Writing output json to examples/outputs/rad_fragments/fragments/1083A.json.
2024-11-19 15:10:12,735 - INFO - Done in 3.5 seconds!
2024-11-19 15:10:12,735 - INFO - Added residues with equivalent functional groups: ['TYR']
2024-11-19 15:10:12,738 - INFO - Identifying rotamers...
2024-11-19 15:10:12,738 - INFO - Position 2 phi/psi angles: -64.8 / -41.0.
2024-11-19 15:10:12,745 - INFO - Searching for rotamers in phi/psi bin -60.0/-40.0.
2024-11-19 15:10:12,750 - INFO - Found 11 rotamers for position 2.
2024-11-19 15:10:12,750 - INFO - Position 3 phi/psi angles: -64.8 / -41.0.
2024-11-19 15:10:12,756 - INFO - Searching for rotamers in phi/psi bin -60.0/-40.0.
2024-11-19 15:10:12,760 - INFO - Found 11 rotamers for position 3.
2024-11-19 15:10:12,760 - INFO - Position 4 phi/psi angles: -64.8 / -41.0.
2024-11-19 15:10:12,766 - INFO - Searching for rotamers in phi/psi bin -60.0/-40.0.
2024-11-19 15:10:12,771 - INFO - Found 11 rotamers for position 4.
2024-11-19 15:10:12,771 - INFO - Position 5 phi/psi angles: -64.8 / -41.0.
2024-11-19 15:10:12,777 - INFO - Searching for rotamers in phi/psi bin -60.0/-40.0.
2024-11-19 15:10:12,782 - INFO - Found 11 rotamers for position 5.
2024-11-19 15:10:12,782 - INFO - Position 6 phi/psi angles: -64.8 / -40.9.
2024-11-19 15:10:12,789 - INFO - Searching for rotamers in phi/psi bin -60.0/-40.0.
2024-11-19 15:10:12,793 - INFO - Found 11 rotamers for position 6.
2024-11-19 15:10:12,795 - INFO - Found 55 rotamers in total.
2024-11-19 15:10:12,795 - INFO - Writing phi/psi combinations to examples/outputs/rad_fragments/fragments/rotamer_info/rotamers_1051A_combined.csv.
2024-11-19 15:10:12,810 - INFO - Created 11 fragments for position 2.
2024-11-19 15:10:12,823 - INFO - Created 11 fragments for position 3.
2024-11-19 15:10:12,835 - INFO - Created 11 fragments for position 4.
2024-11-19 15:10:12,847 - INFO - Created 11 fragments for position 5.
2024-11-19 15:10:12,859 - INFO - Created 11 fragments for position 6.
2024-11-19 15:10:12,859 - INFO - Creating fragment structures, attaching rotamer, superpositioning with theozyme residue, calculating rmsd to all accepted fragments with cutoff 1.0 A for position 2.
2024-11-19 15:10:13,053 - INFO - Discarded 0 fragments that show clashes between backbone and channel placeholder with VdW multiplier 1.0
2024-11-19 15:10:13,053 - INFO - Discarded 0 fragments that show clashes between backbone and ligand with VdW multiplier 1.0
2024-11-19 15:10:13,053 - INFO - Discarded 0 fragments that show clashes between sidechain and ligand with VdW multiplier 0.75
2024-11-19 15:10:13,053 - INFO - Discarded 12 fragments that did not pass RMSD cutoff of 1.0 to all other picked fragments
2024-11-19 15:10:13,053 - INFO - Found 10 fragments for position 2 of a maximum of 20.
2024-11-19 15:10:13,058 - INFO - Creating fragment structures, attaching rotamer, superpositioning with theozyme residue, calculating rmsd to all accepted fragments with cutoff 1.0 A for position 3.
2024-11-19 15:10:13,230 - INFO - Discarded 0 fragments that show clashes between backbone and channel placeholder with VdW multiplier 1.0
2024-11-19 15:10:13,230 - INFO - Discarded 0 fragments that show clashes between backbone and ligand with VdW multiplier 1.0
2024-11-19 15:10:13,230 - INFO - Discarded 0 fragments that show clashes between sidechain and ligand with VdW multiplier 0.75
2024-11-19 15:10:13,230 - INFO - Discarded 12 fragments that did not pass RMSD cutoff of 1.0 to all other picked fragments
2024-11-19 15:10:13,230 - INFO - Found 10 fragments for position 3 of a maximum of 30.
2024-11-19 15:10:13,234 - INFO - Creating fragment structures, attaching rotamer, superpositioning with theozyme residue, calculating rmsd to all accepted fragments with cutoff 1.0 A for position 4.
2024-11-19 15:10:13,432 - INFO - Discarded 0 fragments that show clashes between backbone and channel placeholder with VdW multiplier 1.0
2024-11-19 15:10:13,433 - INFO - Discarded 0 fragments that show clashes between backbone and ligand with VdW multiplier 1.0
2024-11-19 15:10:13,433 - INFO - Discarded 0 fragments that show clashes between sidechain and ligand with VdW multiplier 0.75
2024-11-19 15:10:13,433 - INFO - Discarded 12 fragments that did not pass RMSD cutoff of 1.0 to all other picked fragments
2024-11-19 15:10:13,433 - INFO - Found 10 fragments for position 4 of a maximum of 40.
2024-11-19 15:10:13,437 - INFO - Creating fragment structures, attaching rotamer, superpositioning with theozyme residue, calculating rmsd to all accepted fragments with cutoff 1.0 A for position 5.
2024-11-19 15:10:13,609 - INFO - Discarded 0 fragments that show clashes between backbone and channel placeholder with VdW multiplier 1.0
2024-11-19 15:10:13,609 - INFO - Discarded 0 fragments that show clashes between backbone and ligand with VdW multiplier 1.0
2024-11-19 15:10:13,609 - INFO - Discarded 0 fragments that show clashes between sidechain and ligand with VdW multiplier 0.75
2024-11-19 15:10:13,609 - INFO - Discarded 12 fragments that did not pass RMSD cutoff of 1.0 to all other picked fragments
2024-11-19 15:10:13,609 - INFO - Found 10 fragments for position 5 of a maximum of 50.
2024-11-19 15:10:13,613 - INFO - Creating fragment structures, attaching rotamer, superpositioning with theozyme residue, calculating rmsd to all accepted fragments with cutoff 1.0 A for position 6.
2024-11-19 15:10:13,811 - INFO - Discarded 0 fragments that show clashes between backbone and channel placeholder with VdW multiplier 1.0
2024-11-19 15:10:13,811 - INFO - Discarded 0 fragments that show clashes between backbone and ligand with VdW multiplier 1.0
2024-11-19 15:10:13,811 - INFO - Discarded 0 fragments that show clashes between sidechain and ligand with VdW multiplier 0.75
2024-11-19 15:10:13,811 - INFO - Discarded 12 fragments that did not pass RMSD cutoff of 1.0 to all other picked fragments
2024-11-19 15:10:13,811 - INFO - Found 10 fragments for position 6 of a maximum of 60.
2024-11-19 15:10:13,815 - INFO - Found 50 fragments that passed all filters.
2024-11-19 15:10:13,817 - INFO - Writing fragment details to examples/outputs/rad_fragments/fragments/fragment_info/fragments_1051A.csv.
2024-11-19 15:10:13,820 - INFO - Writing multimodel fragment pdb to examples/outputs/rad_fragments/fragments/1051A.pdb.
2024-11-19 15:10:13,833 - INFO - Writing output json to examples/outputs/rad_fragments/fragments/1051A.json.
2024-11-19 15:10:13,833 - INFO - Done in 4.6 seconds!
2024-11-19 15:10:13,833 - INFO - Added residues with equivalent functional groups: ['ASN', 'GLN']
2024-11-19 15:10:13,836 - INFO - Identifying rotamers...
2024-11-19 15:10:13,836 - INFO - Position 2 phi/psi angles: -64.8 / -41.0.
2024-11-19 15:10:13,852 - INFO - Searching for rotamers in phi/psi bin -60.0/-40.0.
2024-11-19 15:10:13,891 - INFO - Searching for rotamers in phi/psi bin -60.0/-40.0.
2024-11-19 15:10:13,899 - INFO - Found 25 rotamers for position 2.
2024-11-19 15:10:13,899 - INFO - Position 3 phi/psi angles: -64.8 / -41.0.
2024-11-19 15:10:13,914 - INFO - Searching for rotamers in phi/psi bin -60.0/-40.0.
2024-11-19 15:10:13,952 - INFO - Searching for rotamers in phi/psi bin -60.0/-40.0.
2024-11-19 15:10:13,960 - INFO - Found 25 rotamers for position 3.
2024-11-19 15:10:13,961 - INFO - Position 4 phi/psi angles: -64.8 / -41.0.
2024-11-19 15:10:13,975 - INFO - Searching for rotamers in phi/psi bin -60.0/-40.0.
2024-11-19 15:10:14,014 - INFO - Searching for rotamers in phi/psi bin -60.0/-40.0.
2024-11-19 15:10:14,022 - INFO - Found 25 rotamers for position 4.
2024-11-19 15:10:14,022 - INFO - Position 5 phi/psi angles: -64.8 / -41.0.
2024-11-19 15:10:14,037 - INFO - Searching for rotamers in phi/psi bin -60.0/-40.0.
2024-11-19 15:10:14,075 - INFO - Searching for rotamers in phi/psi bin -60.0/-40.0.
2024-11-19 15:10:14,083 - INFO - Found 25 rotamers for position 5.
2024-11-19 15:10:14,084 - INFO - Position 6 phi/psi angles: -64.8 / -40.9.
2024-11-19 15:10:14,098 - INFO - Searching for rotamers in phi/psi bin -60.0/-40.0.
2024-11-19 15:10:14,140 - INFO - Searching for rotamers in phi/psi bin -60.0/-40.0.
2024-11-19 15:10:14,148 - INFO - Found 25 rotamers for position 6.
2024-11-19 15:10:14,150 - INFO - Found 125 rotamers in total.
2024-11-19 15:10:14,150 - INFO - Writing phi/psi combinations to examples/outputs/rad_fragments/fragments/rotamer_info/rotamers_1110A_combined.csv.
2024-11-19 15:10:14,178 - INFO - Created 25 fragments for position 2.
2024-11-19 15:10:14,206 - INFO - Created 25 fragments for position 3.
2024-11-19 15:10:14,234 - INFO - Created 25 fragments for position 4.
2024-11-19 15:10:14,261 - INFO - Created 25 fragments for position 5.
2024-11-19 15:10:14,289 - INFO - Created 25 fragments for position 6.
2024-11-19 15:10:14,290 - INFO - Creating fragment structures, attaching rotamer, superpositioning with theozyme residue, calculating rmsd to all accepted fragments with cutoff 1.0 A for position 2.
2024-11-19 15:10:14,636 - INFO - Discarded 0 fragments that show clashes between backbone and channel placeholder with VdW multiplier 1.0
2024-11-19 15:10:14,636 - INFO - Discarded 0 fragments that show clashes between backbone and ligand with VdW multiplier 1.0
2024-11-19 15:10:14,636 - INFO - Discarded 0 fragments that show clashes between sidechain and ligand with VdW multiplier 0.75
2024-11-19 15:10:14,636 - INFO - Discarded 18 fragments that did not pass RMSD cutoff of 1.0 to all other picked fragments
2024-11-19 15:10:14,636 - INFO - Found 7 fragments for position 2 of a maximum of 20.
2024-11-19 15:10:14,639 - INFO - Creating fragment structures, attaching rotamer, superpositioning with theozyme residue, calculating rmsd to all accepted fragments with cutoff 1.0 A for position 3.
2024-11-19 15:10:15,011 - INFO - Discarded 0 fragments that show clashes between backbone and channel placeholder with VdW multiplier 1.0
2024-11-19 15:10:15,011 - INFO - Discarded 0 fragments that show clashes between backbone and ligand with VdW multiplier 1.0
2024-11-19 15:10:15,011 - INFO - Discarded 0 fragments that show clashes between sidechain and ligand with VdW multiplier 0.75
2024-11-19 15:10:15,011 - INFO - Discarded 18 fragments that did not pass RMSD cutoff of 1.0 to all other picked fragments
2024-11-19 15:10:15,011 - INFO - Found 7 fragments for position 3 of a maximum of 33.
2024-11-19 15:10:15,014 - INFO - Creating fragment structures, attaching rotamer, superpositioning with theozyme residue, calculating rmsd to all accepted fragments with cutoff 1.0 A for position 4.
2024-11-19 15:10:15,361 - INFO - Discarded 0 fragments that show clashes between backbone and channel placeholder with VdW multiplier 1.0
2024-11-19 15:10:15,361 - INFO - Discarded 0 fragments that show clashes between backbone and ligand with VdW multiplier 1.0
2024-11-19 15:10:15,361 - INFO - Discarded 0 fragments that show clashes between sidechain and ligand with VdW multiplier 0.75
2024-11-19 15:10:15,361 - INFO - Discarded 18 fragments that did not pass RMSD cutoff of 1.0 to all other picked fragments
2024-11-19 15:10:15,361 - INFO - Found 7 fragments for position 4 of a maximum of 46.
2024-11-19 15:10:15,364 - INFO - Creating fragment structures, attaching rotamer, superpositioning with theozyme residue, calculating rmsd to all accepted fragments with cutoff 1.0 A for position 5.
2024-11-19 15:10:15,713 - INFO - Discarded 0 fragments that show clashes between backbone and channel placeholder with VdW multiplier 1.0
2024-11-19 15:10:15,713 - INFO - Discarded 0 fragments that show clashes between backbone and ligand with VdW multiplier 1.0
2024-11-19 15:10:15,713 - INFO - Discarded 0 fragments that show clashes between sidechain and ligand with VdW multiplier 0.75
2024-11-19 15:10:15,713 - INFO - Discarded 18 fragments that did not pass RMSD cutoff of 1.0 to all other picked fragments
2024-11-19 15:10:15,713 - INFO - Found 7 fragments for position 5 of a maximum of 59.
2024-11-19 15:10:15,716 - INFO - Creating fragment structures, attaching rotamer, superpositioning with theozyme residue, calculating rmsd to all accepted fragments with cutoff 1.0 A for position 6.
2024-11-19 15:10:16,064 - INFO - Discarded 0 fragments that show clashes between backbone and channel placeholder with VdW multiplier 1.0
2024-11-19 15:10:16,064 - INFO - Discarded 0 fragments that show clashes between backbone and ligand with VdW multiplier 1.0
2024-11-19 15:10:16,064 - INFO - Discarded 0 fragments that show clashes between sidechain and ligand with VdW multiplier 0.75
2024-11-19 15:10:16,064 - INFO - Discarded 16 fragments that did not pass RMSD cutoff of 1.0 to all other picked fragments
2024-11-19 15:10:16,064 - INFO - Found 9 fragments for position 6 of a maximum of 72.
2024-11-19 15:10:16,068 - INFO - Found 37 fragments that passed all filters.
2024-11-19 15:10:16,069 - INFO - Writing fragment details to examples/outputs/rad_fragments/fragments/fragment_info/fragments_1110A.csv.
2024-11-19 15:10:16,071 - INFO - Writing multimodel fragment pdb to examples/outputs/rad_fragments/fragments/1110A.pdb.
2024-11-19 15:10:16,080 - INFO - Writing output json to examples/outputs/rad_fragments/fragments/1110A.json.
2024-11-19 15:10:16,081 - INFO - Done in 6.8 seconds!
2024-11-19 15:10:16,081 - INFO - Added residues with equivalent functional groups: ['TYR']
2024-11-19 15:10:16,083 - INFO - Identifying rotamers...
2024-11-19 15:10:16,084 - INFO - Position 2 phi/psi angles: -64.8 / -41.0.
2024-11-19 15:10:16,089 - INFO - Searching for rotamers in phi/psi bin -60.0/-40.0.
2024-11-19 15:10:16,094 - INFO - Found 11 rotamers for position 2.
2024-11-19 15:10:16,094 - INFO - Position 3 phi/psi angles: -64.8 / -41.0.
2024-11-19 15:10:16,100 - INFO - Searching for rotamers in phi/psi bin -60.0/-40.0.
2024-11-19 15:10:16,105 - INFO - Found 11 rotamers for position 3.
2024-11-19 15:10:16,105 - INFO - Position 4 phi/psi angles: -64.8 / -41.0.
2024-11-19 15:10:16,111 - INFO - Searching for rotamers in phi/psi bin -60.0/-40.0.
2024-11-19 15:10:16,117 - INFO - Found 11 rotamers for position 4.
2024-11-19 15:10:16,117 - INFO - Position 5 phi/psi angles: -64.8 / -41.0.
2024-11-19 15:10:16,124 - INFO - Searching for rotamers in phi/psi bin -60.0/-40.0.
2024-11-19 15:10:16,128 - INFO - Found 11 rotamers for position 5.
2024-11-19 15:10:16,128 - INFO - Position 6 phi/psi angles: -64.8 / -40.9.
2024-11-19 15:10:16,134 - INFO - Searching for rotamers in phi/psi bin -60.0/-40.0.
2024-11-19 15:10:16,139 - INFO - Found 11 rotamers for position 6.
2024-11-19 15:10:16,141 - INFO - Found 55 rotamers in total.
2024-11-19 15:10:16,141 - INFO - Writing phi/psi combinations to examples/outputs/rad_fragments/fragments/rotamer_info/rotamers_1180A_combined.csv.
2024-11-19 15:10:16,154 - INFO - Created 11 fragments for position 2.
2024-11-19 15:10:16,167 - INFO - Created 11 fragments for position 3.
2024-11-19 15:10:16,179 - INFO - Created 11 fragments for position 4.
2024-11-19 15:10:16,191 - INFO - Created 11 fragments for position 5.
2024-11-19 15:10:16,203 - INFO - Created 11 fragments for position 6.
2024-11-19 15:10:16,204 - INFO - Creating fragment structures, attaching rotamer, superpositioning with theozyme residue, calculating rmsd to all accepted fragments with cutoff 1.0 A for position 2.
2024-11-19 15:10:16,400 - INFO - Discarded 0 fragments that show clashes between backbone and channel placeholder with VdW multiplier 1.0
2024-11-19 15:10:16,400 - INFO - Discarded 0 fragments that show clashes between backbone and ligand with VdW multiplier 1.0
2024-11-19 15:10:16,400 - INFO - Discarded 0 fragments that show clashes between sidechain and ligand with VdW multiplier 0.75
2024-11-19 15:10:16,400 - INFO - Discarded 12 fragments that did not pass RMSD cutoff of 1.0 to all other picked fragments
2024-11-19 15:10:16,400 - INFO - Found 10 fragments for position 2 of a maximum of 20.
2024-11-19 15:10:16,404 - INFO - Creating fragment structures, attaching rotamer, superpositioning with theozyme residue, calculating rmsd to all accepted fragments with cutoff 1.0 A for position 3.
2024-11-19 15:10:16,577 - INFO - Discarded 0 fragments that show clashes between backbone and channel placeholder with VdW multiplier 1.0
2024-11-19 15:10:16,577 - INFO - Discarded 0 fragments that show clashes between backbone and ligand with VdW multiplier 1.0
2024-11-19 15:10:16,577 - INFO - Discarded 0 fragments that show clashes between sidechain and ligand with VdW multiplier 0.75
2024-11-19 15:10:16,577 - INFO - Discarded 12 fragments that did not pass RMSD cutoff of 1.0 to all other picked fragments
2024-11-19 15:10:16,577 - INFO - Found 10 fragments for position 3 of a maximum of 30.
2024-11-19 15:10:16,582 - INFO - Creating fragment structures, attaching rotamer, superpositioning with theozyme residue, calculating rmsd to all accepted fragments with cutoff 1.0 A for position 4.
2024-11-19 15:10:16,780 - INFO - Discarded 0 fragments that show clashes between backbone and channel placeholder with VdW multiplier 1.0
2024-11-19 15:10:16,780 - INFO - Discarded 0 fragments that show clashes between backbone and ligand with VdW multiplier 1.0
2024-11-19 15:10:16,780 - INFO - Discarded 0 fragments that show clashes between sidechain and ligand with VdW multiplier 0.75
2024-11-19 15:10:16,780 - INFO - Discarded 12 fragments that did not pass RMSD cutoff of 1.0 to all other picked fragments
2024-11-19 15:10:16,780 - INFO - Found 10 fragments for position 4 of a maximum of 40.
2024-11-19 15:10:16,784 - INFO - Creating fragment structures, attaching rotamer, superpositioning with theozyme residue, calculating rmsd to all accepted fragments with cutoff 1.0 A for position 5.
2024-11-19 15:10:16,977 - INFO - Discarded 0 fragments that show clashes between backbone and channel placeholder with VdW multiplier 1.0
2024-11-19 15:10:16,977 - INFO - Discarded 2 fragments that show clashes between backbone and ligand with VdW multiplier 1.0
2024-11-19 15:10:16,977 - INFO - Discarded 0 fragments that show clashes between sidechain and ligand with VdW multiplier 0.75
2024-11-19 15:10:16,977 - INFO - Discarded 12 fragments that did not pass RMSD cutoff of 1.0 to all other picked fragments
2024-11-19 15:10:16,977 - INFO - Found 8 fragments for position 5 of a maximum of 50.
2024-11-19 15:10:16,980 - INFO - Creating fragment structures, attaching rotamer, superpositioning with theozyme residue, calculating rmsd to all accepted fragments with cutoff 1.0 A for position 6.
2024-11-19 15:10:17,149 - INFO - Discarded 0 fragments that show clashes between backbone and channel placeholder with VdW multiplier 1.0
2024-11-19 15:10:17,149 - INFO - Discarded 2 fragments that show clashes between backbone and ligand with VdW multiplier 1.0
2024-11-19 15:10:17,149 - INFO - Discarded 0 fragments that show clashes between sidechain and ligand with VdW multiplier 0.75
2024-11-19 15:10:17,149 - INFO - Discarded 12 fragments that did not pass RMSD cutoff of 1.0 to all other picked fragments
2024-11-19 15:10:17,149 - INFO - Found 8 fragments for position 6 of a maximum of 62.
2024-11-19 15:10:17,153 - INFO - Found 46 fragments that passed all filters.
2024-11-19 15:10:17,156 - INFO - Writing fragment details to examples/outputs/rad_fragments/fragments/fragment_info/fragments_1180A.csv.
2024-11-19 15:10:17,158 - INFO - Writing multimodel fragment pdb to examples/outputs/rad_fragments/fragments/1180A.pdb.
2024-11-19 15:10:17,170 - INFO - Writing output json to examples/outputs/rad_fragments/fragments/1180A.json.
2024-11-19 15:10:17,170 - INFO - Done in 7.9 seconds!
2024-11-19 15:24:51,227 - INFO - identify_fragments.py --riff_diff_dir ./ --theozyme_pdb examples/inputs/5an7.pdb --theozyme_resnums 1083A,1051A,1110A,1180A --working_dir examples/outputs/rad_fragments/ --output_prefix None --ligands 5001A --fragment_pdb None --pick_frags_from_db False --channel_chain None --rotamer_position auto --rmsd_cutoff 1.0 --prob_cutoff 0.05 --add_equivalent_func_groups True --max_frags 100 --covalent_bonds None --rotamer_ligand_clash_detection_vdw_multiplier 0.75 --backbone_ligand_clash_detection_vdw_multiplier 1.0 --channel_fragment_clash_detection_vdw_multiplier 1.0 --fragsize 7 --rot_sec_struct None --frag_sec_struct_fraction None --phipsi_occurrence_cutoff 0.5 --jobstarter Local --cpus 320 --rotamer_chi_binsize None --rotamer_phipsi_binsize None --phi_psi_bin 9.9 --max_phi_psis 15 --rotamer_diff_to_best 0.7 --his_central_atom auto --not_flip_symmetric False --rotate_histidine False --rotate_histidines_deg 30 --rotate_phenylalanine False --rotate_phenylalanines_deg 60 --prob_weight 2 --occurrence_weight 1 --backbone_score_weight 1 --rotamer_score_weight 1 --chi_std_multiplier 2 
2024-11-19 15:24:51,261 - ERROR - Input backbone fragment pdb must only contain a single chain and a single model!
2024-11-19 15:24:51,261 - INFO - Found ligand in chain A with residue number 5001.
2024-11-19 15:24:51,261 - INFO - No channel placeholder chain provided. Channel placeholder will be added automatically in following steps.
2024-11-19 15:24:51,261 - INFO - Added residues with equivalent functional groups: ['LYS']
2024-11-19 15:24:51,277 - INFO - Identifying rotamers...
2024-11-19 15:24:51,277 - INFO - Position 2 phi/psi angles: -64.8 / -41.0.
2024-11-19 15:24:51,316 - INFO - Searching for rotamers in phi/psi bin -60.0/-40.0.
2024-11-19 15:24:51,325 - INFO - Found 42 rotamers for position 2.
2024-11-19 15:24:51,325 - INFO - Position 3 phi/psi angles: -64.8 / -41.0.
2024-11-19 15:24:51,359 - INFO - Searching for rotamers in phi/psi bin -60.0/-40.0.
2024-11-19 15:24:51,368 - INFO - Found 42 rotamers for position 3.
2024-11-19 15:24:51,369 - INFO - Position 4 phi/psi angles: -64.8 / -41.0.
2024-11-19 15:24:51,405 - INFO - Searching for rotamers in phi/psi bin -60.0/-40.0.
2024-11-19 15:24:51,414 - INFO - Found 42 rotamers for position 4.
2024-11-19 15:24:51,414 - INFO - Position 5 phi/psi angles: -64.8 / -41.0.
2024-11-19 15:24:51,450 - INFO - Searching for rotamers in phi/psi bin -60.0/-40.0.
2024-11-19 15:24:51,459 - INFO - Found 42 rotamers for position 5.
2024-11-19 15:24:51,459 - INFO - Position 6 phi/psi angles: -64.8 / -40.9.
2024-11-19 15:24:51,496 - INFO - Searching for rotamers in phi/psi bin -60.0/-40.0.
2024-11-19 15:24:51,505 - INFO - Found 42 rotamers for position 6.
2024-11-19 15:24:51,507 - INFO - Found 210 rotamers in total.
2024-11-19 15:24:51,507 - INFO - Writing phi/psi combinations to examples/outputs/rad_fragments/fragments/rotamer_info/rotamers_1083A_combined.csv.
2024-11-19 15:24:51,555 - INFO - Created 42 fragments for position 2.
2024-11-19 15:24:51,602 - INFO - Created 42 fragments for position 3.
2024-11-19 15:24:51,648 - INFO - Created 42 fragments for position 4.
2024-11-19 15:24:51,695 - INFO - Created 42 fragments for position 5.
2024-11-19 15:24:51,742 - INFO - Created 42 fragments for position 6.
2024-11-19 15:24:51,743 - INFO - Creating fragment structures, attaching rotamer, superpositioning with theozyme residue, calculating rmsd to all accepted fragments with cutoff 1.0 A for position 2.
2024-11-19 15:24:52,335 - INFO - Discarded 0 fragments that show clashes between backbone and channel placeholder with VdW multiplier 1.0
2024-11-19 15:24:52,335 - INFO - Discarded 0 fragments that show clashes between backbone and ligand with VdW multiplier 1.0
2024-11-19 15:24:52,335 - INFO - Discarded 0 fragments that show clashes between sidechain and ligand with VdW multiplier 0.75
2024-11-19 15:24:52,335 - INFO - Discarded 30 fragments that did not pass RMSD cutoff of 1.0 to all other picked fragments
2024-11-19 15:24:52,335 - INFO - Found 12 fragments for position 2 of a maximum of 20.
2024-11-19 15:24:52,340 - INFO - Creating fragment structures, attaching rotamer, superpositioning with theozyme residue, calculating rmsd to all accepted fragments with cutoff 1.0 A for position 3.
2024-11-19 15:24:52,937 - INFO - Discarded 0 fragments that show clashes between backbone and channel placeholder with VdW multiplier 1.0
2024-11-19 15:24:52,937 - INFO - Discarded 0 fragments that show clashes between backbone and ligand with VdW multiplier 1.0
2024-11-19 15:24:52,937 - INFO - Discarded 0 fragments that show clashes between sidechain and ligand with VdW multiplier 0.75
2024-11-19 15:24:52,937 - INFO - Discarded 34 fragments that did not pass RMSD cutoff of 1.0 to all other picked fragments
2024-11-19 15:24:52,937 - INFO - Found 8 fragments for position 3 of a maximum of 28.
2024-11-19 15:24:52,940 - INFO - Creating fragment structures, attaching rotamer, superpositioning with theozyme residue, calculating rmsd to all accepted fragments with cutoff 1.0 A for position 4.
2024-11-19 15:24:53,540 - INFO - Discarded 0 fragments that show clashes between backbone and channel placeholder with VdW multiplier 1.0
2024-11-19 15:24:53,540 - INFO - Discarded 0 fragments that show clashes between backbone and ligand with VdW multiplier 1.0
2024-11-19 15:24:53,540 - INFO - Discarded 0 fragments that show clashes between sidechain and ligand with VdW multiplier 0.75
2024-11-19 15:24:53,540 - INFO - Discarded 34 fragments that did not pass RMSD cutoff of 1.0 to all other picked fragments
2024-11-19 15:24:53,540 - INFO - Found 8 fragments for position 4 of a maximum of 40.
2024-11-19 15:24:53,543 - INFO - Creating fragment structures, attaching rotamer, superpositioning with theozyme residue, calculating rmsd to all accepted fragments with cutoff 1.0 A for position 5.
2024-11-19 15:24:54,145 - INFO - Discarded 0 fragments that show clashes between backbone and channel placeholder with VdW multiplier 1.0
2024-11-19 15:24:54,146 - INFO - Discarded 0 fragments that show clashes between backbone and ligand with VdW multiplier 1.0
2024-11-19 15:24:54,146 - INFO - Discarded 0 fragments that show clashes between sidechain and ligand with VdW multiplier 0.75
2024-11-19 15:24:54,146 - INFO - Discarded 36 fragments that did not pass RMSD cutoff of 1.0 to all other picked fragments
2024-11-19 15:24:54,146 - INFO - Found 6 fragments for position 5 of a maximum of 52.
2024-11-19 15:24:54,148 - INFO - Creating fragment structures, attaching rotamer, superpositioning with theozyme residue, calculating rmsd to all accepted fragments with cutoff 1.0 A for position 6.
2024-11-19 15:24:54,752 - INFO - Discarded 0 fragments that show clashes between backbone and channel placeholder with VdW multiplier 1.0
2024-11-19 15:24:54,752 - INFO - Discarded 0 fragments that show clashes between backbone and ligand with VdW multiplier 1.0
2024-11-19 15:24:54,752 - INFO - Discarded 0 fragments that show clashes between sidechain and ligand with VdW multiplier 0.75
2024-11-19 15:24:54,752 - INFO - Discarded 30 fragments that did not pass RMSD cutoff of 1.0 to all other picked fragments
2024-11-19 15:24:54,752 - INFO - Found 12 fragments for position 6 of a maximum of 66.
2024-11-19 15:24:54,757 - INFO - Found 46 fragments that passed all filters.
2024-11-19 15:24:54,759 - INFO - Writing fragment details to examples/outputs/rad_fragments/fragments/fragment_info/fragments_1083A.csv.
2024-11-19 15:24:54,761 - INFO - Writing multimodel fragment pdb to examples/outputs/rad_fragments/fragments/1083A.pdb.
2024-11-19 15:24:54,773 - INFO - Writing output json to examples/outputs/rad_fragments/fragments/1083A.json.
2024-11-19 15:24:54,773 - INFO - Done in 3.5 seconds!
2024-11-19 15:24:54,773 - INFO - Added residues with equivalent functional groups: ['TYR']
2024-11-19 15:24:54,776 - INFO - Identifying rotamers...
2024-11-19 15:24:54,776 - INFO - Position 2 phi/psi angles: -64.8 / -41.0.
2024-11-19 15:24:54,783 - INFO - Searching for rotamers in phi/psi bin -60.0/-40.0.
2024-11-19 15:24:54,788 - INFO - Found 11 rotamers for position 2.
2024-11-19 15:24:54,788 - INFO - Position 3 phi/psi angles: -64.8 / -41.0.
2024-11-19 15:24:54,794 - INFO - Searching for rotamers in phi/psi bin -60.0/-40.0.
2024-11-19 15:24:54,799 - INFO - Found 11 rotamers for position 3.
2024-11-19 15:24:54,799 - INFO - Position 4 phi/psi angles: -64.8 / -41.0.
2024-11-19 15:24:54,805 - INFO - Searching for rotamers in phi/psi bin -60.0/-40.0.
2024-11-19 15:24:54,810 - INFO - Found 11 rotamers for position 4.
2024-11-19 15:24:54,810 - INFO - Position 5 phi/psi angles: -64.8 / -41.0.
2024-11-19 15:24:54,816 - INFO - Searching for rotamers in phi/psi bin -60.0/-40.0.
2024-11-19 15:24:54,821 - INFO - Found 11 rotamers for position 5.
2024-11-19 15:24:54,821 - INFO - Position 6 phi/psi angles: -64.8 / -40.9.
2024-11-19 15:24:54,827 - INFO - Searching for rotamers in phi/psi bin -60.0/-40.0.
2024-11-19 15:24:54,832 - INFO - Found 11 rotamers for position 6.
2024-11-19 15:24:54,834 - INFO - Found 55 rotamers in total.
2024-11-19 15:24:54,834 - INFO - Writing phi/psi combinations to examples/outputs/rad_fragments/fragments/rotamer_info/rotamers_1051A_combined.csv.
2024-11-19 15:24:54,847 - INFO - Created 11 fragments for position 2.
2024-11-19 15:24:54,860 - INFO - Created 11 fragments for position 3.
2024-11-19 15:24:54,872 - INFO - Created 11 fragments for position 4.
2024-11-19 15:24:54,884 - INFO - Created 11 fragments for position 5.
2024-11-19 15:24:54,896 - INFO - Created 11 fragments for position 6.
2024-11-19 15:24:54,896 - INFO - Creating fragment structures, attaching rotamer, superpositioning with theozyme residue, calculating rmsd to all accepted fragments with cutoff 1.0 A for position 2.
2024-11-19 15:24:55,092 - INFO - Discarded 0 fragments that show clashes between backbone and channel placeholder with VdW multiplier 1.0
2024-11-19 15:24:55,093 - INFO - Discarded 0 fragments that show clashes between backbone and ligand with VdW multiplier 1.0
2024-11-19 15:24:55,093 - INFO - Discarded 0 fragments that show clashes between sidechain and ligand with VdW multiplier 0.75
2024-11-19 15:24:55,093 - INFO - Discarded 12 fragments that did not pass RMSD cutoff of 1.0 to all other picked fragments
2024-11-19 15:24:55,093 - INFO - Found 10 fragments for position 2 of a maximum of 20.
2024-11-19 15:24:55,097 - INFO - Creating fragment structures, attaching rotamer, superpositioning with theozyme residue, calculating rmsd to all accepted fragments with cutoff 1.0 A for position 3.
2024-11-19 15:24:55,271 - INFO - Discarded 0 fragments that show clashes between backbone and channel placeholder with VdW multiplier 1.0
2024-11-19 15:24:55,271 - INFO - Discarded 0 fragments that show clashes between backbone and ligand with VdW multiplier 1.0
2024-11-19 15:24:55,271 - INFO - Discarded 0 fragments that show clashes between sidechain and ligand with VdW multiplier 0.75
2024-11-19 15:24:55,271 - INFO - Discarded 12 fragments that did not pass RMSD cutoff of 1.0 to all other picked fragments
2024-11-19 15:24:55,271 - INFO - Found 10 fragments for position 3 of a maximum of 30.
2024-11-19 15:24:55,275 - INFO - Creating fragment structures, attaching rotamer, superpositioning with theozyme residue, calculating rmsd to all accepted fragments with cutoff 1.0 A for position 4.
2024-11-19 15:24:55,474 - INFO - Discarded 0 fragments that show clashes between backbone and channel placeholder with VdW multiplier 1.0
2024-11-19 15:24:55,474 - INFO - Discarded 0 fragments that show clashes between backbone and ligand with VdW multiplier 1.0
2024-11-19 15:24:55,474 - INFO - Discarded 0 fragments that show clashes between sidechain and ligand with VdW multiplier 0.75
2024-11-19 15:24:55,474 - INFO - Discarded 12 fragments that did not pass RMSD cutoff of 1.0 to all other picked fragments
2024-11-19 15:24:55,474 - INFO - Found 10 fragments for position 4 of a maximum of 40.
2024-11-19 15:24:55,478 - INFO - Creating fragment structures, attaching rotamer, superpositioning with theozyme residue, calculating rmsd to all accepted fragments with cutoff 1.0 A for position 5.
2024-11-19 15:24:55,651 - INFO - Discarded 0 fragments that show clashes between backbone and channel placeholder with VdW multiplier 1.0
2024-11-19 15:24:55,651 - INFO - Discarded 0 fragments that show clashes between backbone and ligand with VdW multiplier 1.0
2024-11-19 15:24:55,651 - INFO - Discarded 0 fragments that show clashes between sidechain and ligand with VdW multiplier 0.75
2024-11-19 15:24:55,651 - INFO - Discarded 12 fragments that did not pass RMSD cutoff of 1.0 to all other picked fragments
2024-11-19 15:24:55,651 - INFO - Found 10 fragments for position 5 of a maximum of 50.
2024-11-19 15:24:55,656 - INFO - Creating fragment structures, attaching rotamer, superpositioning with theozyme residue, calculating rmsd to all accepted fragments with cutoff 1.0 A for position 6.
2024-11-19 15:24:55,856 - INFO - Discarded 0 fragments that show clashes between backbone and channel placeholder with VdW multiplier 1.0
2024-11-19 15:24:55,856 - INFO - Discarded 0 fragments that show clashes between backbone and ligand with VdW multiplier 1.0
2024-11-19 15:24:55,856 - INFO - Discarded 0 fragments that show clashes between sidechain and ligand with VdW multiplier 0.75
2024-11-19 15:24:55,856 - INFO - Discarded 12 fragments that did not pass RMSD cutoff of 1.0 to all other picked fragments
2024-11-19 15:24:55,856 - INFO - Found 10 fragments for position 6 of a maximum of 60.
2024-11-19 15:24:55,861 - INFO - Found 50 fragments that passed all filters.
2024-11-19 15:24:55,863 - INFO - Writing fragment details to examples/outputs/rad_fragments/fragments/fragment_info/fragments_1051A.csv.
2024-11-19 15:24:55,865 - INFO - Writing multimodel fragment pdb to examples/outputs/rad_fragments/fragments/1051A.pdb.
2024-11-19 15:24:55,879 - INFO - Writing output json to examples/outputs/rad_fragments/fragments/1051A.json.
2024-11-19 15:24:55,880 - INFO - Done in 4.7 seconds!
2024-11-19 15:24:55,880 - INFO - Added residues with equivalent functional groups: ['ASN', 'GLN']
2024-11-19 15:24:55,883 - INFO - Identifying rotamers...
2024-11-19 15:24:55,883 - INFO - Position 2 phi/psi angles: -64.8 / -41.0.
2024-11-19 15:24:55,899 - INFO - Searching for rotamers in phi/psi bin -60.0/-40.0.
2024-11-19 15:24:55,939 - INFO - Searching for rotamers in phi/psi bin -60.0/-40.0.
2024-11-19 15:24:55,948 - INFO - Found 25 rotamers for position 2.
2024-11-19 15:24:55,948 - INFO - Position 3 phi/psi angles: -64.8 / -41.0.
2024-11-19 15:24:55,962 - INFO - Searching for rotamers in phi/psi bin -60.0/-40.0.
2024-11-19 15:24:56,000 - INFO - Searching for rotamers in phi/psi bin -60.0/-40.0.
2024-11-19 15:24:56,008 - INFO - Found 25 rotamers for position 3.
2024-11-19 15:24:56,008 - INFO - Position 4 phi/psi angles: -64.8 / -41.0.
2024-11-19 15:24:56,023 - INFO - Searching for rotamers in phi/psi bin -60.0/-40.0.
2024-11-19 15:24:56,061 - INFO - Searching for rotamers in phi/psi bin -60.0/-40.0.
2024-11-19 15:24:56,069 - INFO - Found 25 rotamers for position 4.
2024-11-19 15:24:56,069 - INFO - Position 5 phi/psi angles: -64.8 / -41.0.
2024-11-19 15:24:56,083 - INFO - Searching for rotamers in phi/psi bin -60.0/-40.0.
2024-11-19 15:24:56,121 - INFO - Searching for rotamers in phi/psi bin -60.0/-40.0.
2024-11-19 15:24:56,130 - INFO - Found 25 rotamers for position 5.
2024-11-19 15:24:56,130 - INFO - Position 6 phi/psi angles: -64.8 / -40.9.
2024-11-19 15:24:56,145 - INFO - Searching for rotamers in phi/psi bin -60.0/-40.0.
2024-11-19 15:24:56,182 - INFO - Searching for rotamers in phi/psi bin -60.0/-40.0.
2024-11-19 15:24:56,190 - INFO - Found 25 rotamers for position 6.
2024-11-19 15:24:56,192 - INFO - Found 125 rotamers in total.
2024-11-19 15:24:56,192 - INFO - Writing phi/psi combinations to examples/outputs/rad_fragments/fragments/rotamer_info/rotamers_1110A_combined.csv.
2024-11-19 15:24:56,220 - INFO - Created 25 fragments for position 2.
2024-11-19 15:24:56,248 - INFO - Created 25 fragments for position 3.
2024-11-19 15:24:56,276 - INFO - Created 25 fragments for position 4.
2024-11-19 15:24:56,304 - INFO - Created 25 fragments for position 5.
2024-11-19 15:24:56,332 - INFO - Created 25 fragments for position 6.
2024-11-19 15:24:56,333 - INFO - Creating fragment structures, attaching rotamer, superpositioning with theozyme residue, calculating rmsd to all accepted fragments with cutoff 1.0 A for position 2.
2024-11-19 15:24:56,680 - INFO - Discarded 0 fragments that show clashes between backbone and channel placeholder with VdW multiplier 1.0
2024-11-19 15:24:56,680 - INFO - Discarded 0 fragments that show clashes between backbone and ligand with VdW multiplier 1.0
2024-11-19 15:24:56,680 - INFO - Discarded 0 fragments that show clashes between sidechain and ligand with VdW multiplier 0.75
2024-11-19 15:24:56,680 - INFO - Discarded 18 fragments that did not pass RMSD cutoff of 1.0 to all other picked fragments
2024-11-19 15:24:56,680 - INFO - Found 7 fragments for position 2 of a maximum of 20.
2024-11-19 15:24:56,683 - INFO - Creating fragment structures, attaching rotamer, superpositioning with theozyme residue, calculating rmsd to all accepted fragments with cutoff 1.0 A for position 3.
2024-11-19 15:24:57,060 - INFO - Discarded 0 fragments that show clashes between backbone and channel placeholder with VdW multiplier 1.0
2024-11-19 15:24:57,060 - INFO - Discarded 0 fragments that show clashes between backbone and ligand with VdW multiplier 1.0
2024-11-19 15:24:57,060 - INFO - Discarded 0 fragments that show clashes between sidechain and ligand with VdW multiplier 0.75
2024-11-19 15:24:57,060 - INFO - Discarded 18 fragments that did not pass RMSD cutoff of 1.0 to all other picked fragments
2024-11-19 15:24:57,060 - INFO - Found 7 fragments for position 3 of a maximum of 33.
2024-11-19 15:24:57,063 - INFO - Creating fragment structures, attaching rotamer, superpositioning with theozyme residue, calculating rmsd to all accepted fragments with cutoff 1.0 A for position 4.
2024-11-19 15:24:57,414 - INFO - Discarded 0 fragments that show clashes between backbone and channel placeholder with VdW multiplier 1.0
2024-11-19 15:24:57,414 - INFO - Discarded 0 fragments that show clashes between backbone and ligand with VdW multiplier 1.0
2024-11-19 15:24:57,414 - INFO - Discarded 0 fragments that show clashes between sidechain and ligand with VdW multiplier 0.75
2024-11-19 15:24:57,414 - INFO - Discarded 18 fragments that did not pass RMSD cutoff of 1.0 to all other picked fragments
2024-11-19 15:24:57,414 - INFO - Found 7 fragments for position 4 of a maximum of 46.
2024-11-19 15:24:57,417 - INFO - Creating fragment structures, attaching rotamer, superpositioning with theozyme residue, calculating rmsd to all accepted fragments with cutoff 1.0 A for position 5.
2024-11-19 15:24:57,768 - INFO - Discarded 0 fragments that show clashes between backbone and channel placeholder with VdW multiplier 1.0
2024-11-19 15:24:57,768 - INFO - Discarded 0 fragments that show clashes between backbone and ligand with VdW multiplier 1.0
2024-11-19 15:24:57,768 - INFO - Discarded 0 fragments that show clashes between sidechain and ligand with VdW multiplier 0.75
2024-11-19 15:24:57,768 - INFO - Discarded 18 fragments that did not pass RMSD cutoff of 1.0 to all other picked fragments
2024-11-19 15:24:57,768 - INFO - Found 7 fragments for position 5 of a maximum of 59.
2024-11-19 15:24:57,771 - INFO - Creating fragment structures, attaching rotamer, superpositioning with theozyme residue, calculating rmsd to all accepted fragments with cutoff 1.0 A for position 6.
2024-11-19 15:24:58,122 - INFO - Discarded 0 fragments that show clashes between backbone and channel placeholder with VdW multiplier 1.0
2024-11-19 15:24:58,122 - INFO - Discarded 0 fragments that show clashes between backbone and ligand with VdW multiplier 1.0
2024-11-19 15:24:58,122 - INFO - Discarded 0 fragments that show clashes between sidechain and ligand with VdW multiplier 0.75
2024-11-19 15:24:58,122 - INFO - Discarded 16 fragments that did not pass RMSD cutoff of 1.0 to all other picked fragments
2024-11-19 15:24:58,122 - INFO - Found 9 fragments for position 6 of a maximum of 72.
2024-11-19 15:24:58,126 - INFO - Found 37 fragments that passed all filters.
2024-11-19 15:24:58,128 - INFO - Writing fragment details to examples/outputs/rad_fragments/fragments/fragment_info/fragments_1110A.csv.
2024-11-19 15:24:58,130 - INFO - Writing multimodel fragment pdb to examples/outputs/rad_fragments/fragments/1110A.pdb.
2024-11-19 15:24:58,140 - INFO - Writing output json to examples/outputs/rad_fragments/fragments/1110A.json.
2024-11-19 15:24:58,140 - INFO - Done in 6.9 seconds!
2024-11-19 15:24:58,140 - INFO - Added residues with equivalent functional groups: ['TYR']
2024-11-19 15:24:58,143 - INFO - Identifying rotamers...
2024-11-19 15:24:58,143 - INFO - Position 2 phi/psi angles: -64.8 / -41.0.
2024-11-19 15:24:58,149 - INFO - Searching for rotamers in phi/psi bin -60.0/-40.0.
2024-11-19 15:24:58,154 - INFO - Found 11 rotamers for position 2.
2024-11-19 15:24:58,154 - INFO - Position 3 phi/psi angles: -64.8 / -41.0.
2024-11-19 15:24:58,161 - INFO - Searching for rotamers in phi/psi bin -60.0/-40.0.
2024-11-19 15:24:58,166 - INFO - Found 11 rotamers for position 3.
2024-11-19 15:24:58,166 - INFO - Position 4 phi/psi angles: -64.8 / -41.0.
2024-11-19 15:24:58,173 - INFO - Searching for rotamers in phi/psi bin -60.0/-40.0.
2024-11-19 15:24:58,179 - INFO - Found 11 rotamers for position 4.
2024-11-19 15:24:58,179 - INFO - Position 5 phi/psi angles: -64.8 / -41.0.
2024-11-19 15:24:58,185 - INFO - Searching for rotamers in phi/psi bin -60.0/-40.0.
2024-11-19 15:24:58,190 - INFO - Found 11 rotamers for position 5.
2024-11-19 15:24:58,190 - INFO - Position 6 phi/psi angles: -64.8 / -40.9.
2024-11-19 15:24:58,196 - INFO - Searching for rotamers in phi/psi bin -60.0/-40.0.
2024-11-19 15:24:58,200 - INFO - Found 11 rotamers for position 6.
2024-11-19 15:24:58,202 - INFO - Found 55 rotamers in total.
2024-11-19 15:24:58,202 - INFO - Writing phi/psi combinations to examples/outputs/rad_fragments/fragments/rotamer_info/rotamers_1180A_combined.csv.
2024-11-19 15:24:58,216 - INFO - Created 11 fragments for position 2.
2024-11-19 15:24:58,229 - INFO - Created 11 fragments for position 3.
2024-11-19 15:24:58,241 - INFO - Created 11 fragments for position 4.
2024-11-19 15:24:58,254 - INFO - Created 11 fragments for position 5.
2024-11-19 15:24:58,266 - INFO - Created 11 fragments for position 6.
2024-11-19 15:24:58,267 - INFO - Creating fragment structures, attaching rotamer, superpositioning with theozyme residue, calculating rmsd to all accepted fragments with cutoff 1.0 A for position 2.
2024-11-19 15:24:58,476 - INFO - Discarded 0 fragments that show clashes between backbone and channel placeholder with VdW multiplier 1.0
2024-11-19 15:24:58,476 - INFO - Discarded 0 fragments that show clashes between backbone and ligand with VdW multiplier 1.0
2024-11-19 15:24:58,476 - INFO - Discarded 0 fragments that show clashes between sidechain and ligand with VdW multiplier 0.75
2024-11-19 15:24:58,476 - INFO - Discarded 12 fragments that did not pass RMSD cutoff of 1.0 to all other picked fragments
2024-11-19 15:24:58,476 - INFO - Found 10 fragments for position 2 of a maximum of 20.
2024-11-19 15:24:58,480 - INFO - Creating fragment structures, attaching rotamer, superpositioning with theozyme residue, calculating rmsd to all accepted fragments with cutoff 1.0 A for position 3.
2024-11-19 15:24:58,662 - INFO - Discarded 0 fragments that show clashes between backbone and channel placeholder with VdW multiplier 1.0
2024-11-19 15:24:58,662 - INFO - Discarded 0 fragments that show clashes between backbone and ligand with VdW multiplier 1.0
2024-11-19 15:24:58,662 - INFO - Discarded 0 fragments that show clashes between sidechain and ligand with VdW multiplier 0.75
2024-11-19 15:24:58,663 - INFO - Discarded 12 fragments that did not pass RMSD cutoff of 1.0 to all other picked fragments
2024-11-19 15:24:58,663 - INFO - Found 10 fragments for position 3 of a maximum of 30.
2024-11-19 15:24:58,667 - INFO - Creating fragment structures, attaching rotamer, superpositioning with theozyme residue, calculating rmsd to all accepted fragments with cutoff 1.0 A for position 4.
2024-11-19 15:24:58,865 - INFO - Discarded 0 fragments that show clashes between backbone and channel placeholder with VdW multiplier 1.0
2024-11-19 15:24:58,866 - INFO - Discarded 0 fragments that show clashes between backbone and ligand with VdW multiplier 1.0
2024-11-19 15:24:58,866 - INFO - Discarded 0 fragments that show clashes between sidechain and ligand with VdW multiplier 0.75
2024-11-19 15:24:58,866 - INFO - Discarded 12 fragments that did not pass RMSD cutoff of 1.0 to all other picked fragments
2024-11-19 15:24:58,866 - INFO - Found 10 fragments for position 4 of a maximum of 40.
2024-11-19 15:24:58,870 - INFO - Creating fragment structures, attaching rotamer, superpositioning with theozyme residue, calculating rmsd to all accepted fragments with cutoff 1.0 A for position 5.
2024-11-19 15:24:59,064 - INFO - Discarded 0 fragments that show clashes between backbone and channel placeholder with VdW multiplier 1.0
2024-11-19 15:24:59,064 - INFO - Discarded 2 fragments that show clashes between backbone and ligand with VdW multiplier 1.0
2024-11-19 15:24:59,064 - INFO - Discarded 0 fragments that show clashes between sidechain and ligand with VdW multiplier 0.75
2024-11-19 15:24:59,064 - INFO - Discarded 12 fragments that did not pass RMSD cutoff of 1.0 to all other picked fragments
2024-11-19 15:24:59,064 - INFO - Found 8 fragments for position 5 of a maximum of 50.
2024-11-19 15:24:59,067 - INFO - Creating fragment structures, attaching rotamer, superpositioning with theozyme residue, calculating rmsd to all accepted fragments with cutoff 1.0 A for position 6.
2024-11-19 15:24:59,237 - INFO - Discarded 0 fragments that show clashes between backbone and channel placeholder with VdW multiplier 1.0
2024-11-19 15:24:59,237 - INFO - Discarded 2 fragments that show clashes between backbone and ligand with VdW multiplier 1.0
2024-11-19 15:24:59,237 - INFO - Discarded 0 fragments that show clashes between sidechain and ligand with VdW multiplier 0.75
2024-11-19 15:24:59,237 - INFO - Discarded 12 fragments that did not pass RMSD cutoff of 1.0 to all other picked fragments
2024-11-19 15:24:59,237 - INFO - Found 8 fragments for position 6 of a maximum of 62.
2024-11-19 15:24:59,241 - INFO - Found 46 fragments that passed all filters.
2024-11-19 15:24:59,244 - INFO - Writing fragment details to examples/outputs/rad_fragments/fragments/fragment_info/fragments_1180A.csv.
2024-11-19 15:24:59,246 - INFO - Writing multimodel fragment pdb to examples/outputs/rad_fragments/fragments/1180A.pdb.
2024-11-19 15:24:59,259 - INFO - Writing output json to examples/outputs/rad_fragments/fragments/1180A.json.
2024-11-19 15:24:59,260 - INFO - Done in 8.0 seconds!
2024-11-19 15:27:50,820 - INFO - identify_fragments.py --riff_diff_dir ./ --theozyme_pdb examples/inputs/5an7.pdb --theozyme_resnums 1083A,1051A,1110A,1180A --working_dir examples/outputs/rad_fragments/ --output_prefix None --ligands 5001A --fragment_pdb None --pick_frags_from_db False --channel_chain None --rotamer_position auto --rmsd_cutoff 1.0 --prob_cutoff 0.05 --add_equivalent_func_groups True --max_frags 100 --covalent_bonds None --rotamer_ligand_clash_detection_vdw_multiplier 0.75 --backbone_ligand_clash_detection_vdw_multiplier 1.0 --channel_fragment_clash_detection_vdw_multiplier 1.0 --fragsize 7 --rot_sec_struct None --frag_sec_struct_fraction None --phipsi_occurrence_cutoff 0.5 --jobstarter Local --cpus 320 --rotamer_chi_binsize None --rotamer_phipsi_binsize None --phi_psi_bin 9.9 --max_phi_psis 15 --rotamer_diff_to_best 0.7 --his_central_atom auto --not_flip_symmetric False --rotate_histidine False --rotate_histidines_deg 30 --rotate_phenylalanine False --rotate_phenylalanines_deg 60 --prob_weight 2 --occurrence_weight 1 --backbone_score_weight 1 --rotamer_score_weight 1 --chi_std_multiplier 2 
2024-11-19 15:27:50,855 - ERROR - Input backbone fragment pdb must only contain a single chain and a single model!
2024-11-19 15:27:50,855 - INFO - Found ligand in chain A with residue number 5001.
2024-11-19 15:27:50,855 - INFO - No channel placeholder chain provided. Channel placeholder will be added automatically in following steps.
2024-11-19 15:27:50,855 - INFO - Added residues with equivalent functional groups: ['LYS']
2024-11-19 15:27:50,869 - INFO - Identifying rotamers...
2024-11-19 15:27:50,869 - INFO - Position 2 phi/psi angles: -64.8 / -41.0.
2024-11-19 15:27:50,906 - INFO - Searching for rotamers in phi/psi bin -60.0/-40.0.
2024-11-19 15:27:50,916 - INFO - Found 42 rotamers for position 2.
2024-11-19 15:27:50,916 - INFO - Position 3 phi/psi angles: -64.8 / -41.0.
2024-11-19 15:27:50,951 - INFO - Searching for rotamers in phi/psi bin -60.0/-40.0.
2024-11-19 15:27:50,960 - INFO - Found 42 rotamers for position 3.
2024-11-19 15:27:50,960 - INFO - Position 4 phi/psi angles: -64.8 / -41.0.
2024-11-19 15:27:50,995 - INFO - Searching for rotamers in phi/psi bin -60.0/-40.0.
2024-11-19 15:27:51,004 - INFO - Found 42 rotamers for position 4.
2024-11-19 15:27:51,005 - INFO - Position 5 phi/psi angles: -64.8 / -41.0.
2024-11-19 15:27:51,041 - INFO - Searching for rotamers in phi/psi bin -60.0/-40.0.
2024-11-19 15:27:51,050 - INFO - Found 42 rotamers for position 5.
2024-11-19 15:27:51,050 - INFO - Position 6 phi/psi angles: -64.8 / -40.9.
2024-11-19 15:27:51,086 - INFO - Searching for rotamers in phi/psi bin -60.0/-40.0.
2024-11-19 15:27:51,095 - INFO - Found 42 rotamers for position 6.
2024-11-19 15:27:51,097 - INFO - Found 210 rotamers in total.
2024-11-19 15:27:51,097 - INFO - Writing phi/psi combinations to examples/outputs/rad_fragments/fragments/rotamer_info/rotamers_1083A_combined.csv.
2024-11-19 15:27:51,145 - INFO - Created 42 fragments for position 2.
2024-11-19 15:27:51,191 - INFO - Created 42 fragments for position 3.
2024-11-19 15:27:51,238 - INFO - Created 42 fragments for position 4.
2024-11-19 15:27:51,284 - INFO - Created 42 fragments for position 5.
2024-11-19 15:27:51,331 - INFO - Created 42 fragments for position 6.
2024-11-19 15:27:51,332 - INFO - Creating fragment structures, attaching rotamer, superpositioning with theozyme residue, calculating rmsd to all accepted fragments with cutoff 1.0 A for position 2.
2024-11-19 15:27:51,970 - INFO - Discarded 0 fragments that show clashes between backbone and channel placeholder with VdW multiplier 1.0
2024-11-19 15:27:51,970 - INFO - Discarded 0 fragments that show clashes between backbone and ligand with VdW multiplier 1.0
2024-11-19 15:27:51,970 - INFO - Discarded 0 fragments that show clashes between sidechain and ligand with VdW multiplier 0.75
2024-11-19 15:27:51,970 - INFO - Discarded 30 fragments that did not pass RMSD cutoff of 1.0 to all other picked fragments
2024-11-19 15:27:51,970 - INFO - Found 12 fragments for position 2 of a maximum of 20.
2024-11-19 15:27:51,976 - INFO - Creating fragment structures, attaching rotamer, superpositioning with theozyme residue, calculating rmsd to all accepted fragments with cutoff 1.0 A for position 3.
2024-11-19 15:27:52,571 - INFO - Discarded 0 fragments that show clashes between backbone and channel placeholder with VdW multiplier 1.0
2024-11-19 15:27:52,571 - INFO - Discarded 0 fragments that show clashes between backbone and ligand with VdW multiplier 1.0
2024-11-19 15:27:52,571 - INFO - Discarded 0 fragments that show clashes between sidechain and ligand with VdW multiplier 0.75
2024-11-19 15:27:52,571 - INFO - Discarded 34 fragments that did not pass RMSD cutoff of 1.0 to all other picked fragments
2024-11-19 15:27:52,571 - INFO - Found 8 fragments for position 3 of a maximum of 28.
2024-11-19 15:27:52,575 - INFO - Creating fragment structures, attaching rotamer, superpositioning with theozyme residue, calculating rmsd to all accepted fragments with cutoff 1.0 A for position 4.
2024-11-19 15:27:53,172 - INFO - Discarded 0 fragments that show clashes between backbone and channel placeholder with VdW multiplier 1.0
2024-11-19 15:27:53,172 - INFO - Discarded 0 fragments that show clashes between backbone and ligand with VdW multiplier 1.0
2024-11-19 15:27:53,172 - INFO - Discarded 0 fragments that show clashes between sidechain and ligand with VdW multiplier 0.75
2024-11-19 15:27:53,172 - INFO - Discarded 34 fragments that did not pass RMSD cutoff of 1.0 to all other picked fragments
2024-11-19 15:27:53,172 - INFO - Found 8 fragments for position 4 of a maximum of 40.
2024-11-19 15:27:53,175 - INFO - Creating fragment structures, attaching rotamer, superpositioning with theozyme residue, calculating rmsd to all accepted fragments with cutoff 1.0 A for position 5.
2024-11-19 15:27:53,773 - INFO - Discarded 0 fragments that show clashes between backbone and channel placeholder with VdW multiplier 1.0
2024-11-19 15:27:53,773 - INFO - Discarded 0 fragments that show clashes between backbone and ligand with VdW multiplier 1.0
2024-11-19 15:27:53,773 - INFO - Discarded 0 fragments that show clashes between sidechain and ligand with VdW multiplier 0.75
2024-11-19 15:27:53,773 - INFO - Discarded 36 fragments that did not pass RMSD cutoff of 1.0 to all other picked fragments
2024-11-19 15:27:53,773 - INFO - Found 6 fragments for position 5 of a maximum of 52.
2024-11-19 15:27:53,775 - INFO - Creating fragment structures, attaching rotamer, superpositioning with theozyme residue, calculating rmsd to all accepted fragments with cutoff 1.0 A for position 6.
2024-11-19 15:27:54,381 - INFO - Discarded 0 fragments that show clashes between backbone and channel placeholder with VdW multiplier 1.0
2024-11-19 15:27:54,381 - INFO - Discarded 0 fragments that show clashes between backbone and ligand with VdW multiplier 1.0
2024-11-19 15:27:54,381 - INFO - Discarded 0 fragments that show clashes between sidechain and ligand with VdW multiplier 0.75
2024-11-19 15:27:54,381 - INFO - Discarded 30 fragments that did not pass RMSD cutoff of 1.0 to all other picked fragments
2024-11-19 15:27:54,381 - INFO - Found 12 fragments for position 6 of a maximum of 66.
2024-11-19 15:27:54,386 - INFO - Found 46 fragments that passed all filters.
2024-11-19 15:27:54,388 - INFO - Writing fragment details to examples/outputs/rad_fragments/fragments/fragment_info/fragments_1083A.csv.
2024-11-19 15:27:54,390 - INFO - Writing multimodel fragment pdb to examples/outputs/rad_fragments/fragments/1083A.pdb.
2024-11-19 15:27:54,402 - INFO - Writing output json to examples/outputs/rad_fragments/fragments/1083A.json.
2024-11-19 15:27:54,402 - INFO - Done in 3.6 seconds!
2024-11-19 15:27:54,402 - INFO - Added residues with equivalent functional groups: ['TYR']
2024-11-19 15:27:54,405 - INFO - Identifying rotamers...
2024-11-19 15:27:54,406 - INFO - Position 2 phi/psi angles: -64.8 / -41.0.
2024-11-19 15:27:54,412 - INFO - Searching for rotamers in phi/psi bin -60.0/-40.0.
2024-11-19 15:27:54,417 - INFO - Found 11 rotamers for position 2.
2024-11-19 15:27:54,417 - INFO - Position 3 phi/psi angles: -64.8 / -41.0.
2024-11-19 15:27:54,423 - INFO - Searching for rotamers in phi/psi bin -60.0/-40.0.
2024-11-19 15:27:54,427 - INFO - Found 11 rotamers for position 3.
2024-11-19 15:27:54,428 - INFO - Position 4 phi/psi angles: -64.8 / -41.0.
2024-11-19 15:27:54,434 - INFO - Searching for rotamers in phi/psi bin -60.0/-40.0.
2024-11-19 15:27:54,438 - INFO - Found 11 rotamers for position 4.
2024-11-19 15:27:54,438 - INFO - Position 5 phi/psi angles: -64.8 / -41.0.
2024-11-19 15:27:54,444 - INFO - Searching for rotamers in phi/psi bin -60.0/-40.0.
2024-11-19 15:27:54,449 - INFO - Found 11 rotamers for position 5.
2024-11-19 15:27:54,449 - INFO - Position 6 phi/psi angles: -64.8 / -40.9.
2024-11-19 15:27:54,456 - INFO - Searching for rotamers in phi/psi bin -60.0/-40.0.
2024-11-19 15:27:54,460 - INFO - Found 11 rotamers for position 6.
2024-11-19 15:27:54,462 - INFO - Found 55 rotamers in total.
2024-11-19 15:27:54,462 - INFO - Writing phi/psi combinations to examples/outputs/rad_fragments/fragments/rotamer_info/rotamers_1051A_combined.csv.
2024-11-19 15:27:54,476 - INFO - Created 11 fragments for position 2.
2024-11-19 15:27:54,489 - INFO - Created 11 fragments for position 3.
2024-11-19 15:27:54,501 - INFO - Created 11 fragments for position 4.
2024-11-19 15:27:54,513 - INFO - Created 11 fragments for position 5.
2024-11-19 15:27:54,524 - INFO - Created 11 fragments for position 6.
2024-11-19 15:27:54,525 - INFO - Creating fragment structures, attaching rotamer, superpositioning with theozyme residue, calculating rmsd to all accepted fragments with cutoff 1.0 A for position 2.
2024-11-19 15:27:54,719 - INFO - Discarded 0 fragments that show clashes between backbone and channel placeholder with VdW multiplier 1.0
2024-11-19 15:27:54,719 - INFO - Discarded 0 fragments that show clashes between backbone and ligand with VdW multiplier 1.0
2024-11-19 15:27:54,719 - INFO - Discarded 0 fragments that show clashes between sidechain and ligand with VdW multiplier 0.75
2024-11-19 15:27:54,719 - INFO - Discarded 12 fragments that did not pass RMSD cutoff of 1.0 to all other picked fragments
2024-11-19 15:27:54,719 - INFO - Found 10 fragments for position 2 of a maximum of 20.
2024-11-19 15:27:54,724 - INFO - Creating fragment structures, attaching rotamer, superpositioning with theozyme residue, calculating rmsd to all accepted fragments with cutoff 1.0 A for position 3.
2024-11-19 15:27:54,896 - INFO - Discarded 0 fragments that show clashes between backbone and channel placeholder with VdW multiplier 1.0
2024-11-19 15:27:54,896 - INFO - Discarded 0 fragments that show clashes between backbone and ligand with VdW multiplier 1.0
2024-11-19 15:27:54,896 - INFO - Discarded 0 fragments that show clashes between sidechain and ligand with VdW multiplier 0.75
2024-11-19 15:27:54,896 - INFO - Discarded 12 fragments that did not pass RMSD cutoff of 1.0 to all other picked fragments
2024-11-19 15:27:54,896 - INFO - Found 10 fragments for position 3 of a maximum of 30.
2024-11-19 15:27:54,901 - INFO - Creating fragment structures, attaching rotamer, superpositioning with theozyme residue, calculating rmsd to all accepted fragments with cutoff 1.0 A for position 4.
2024-11-19 15:27:55,100 - INFO - Discarded 0 fragments that show clashes between backbone and channel placeholder with VdW multiplier 1.0
2024-11-19 15:27:55,100 - INFO - Discarded 0 fragments that show clashes between backbone and ligand with VdW multiplier 1.0
2024-11-19 15:27:55,100 - INFO - Discarded 0 fragments that show clashes between sidechain and ligand with VdW multiplier 0.75
2024-11-19 15:27:55,101 - INFO - Discarded 12 fragments that did not pass RMSD cutoff of 1.0 to all other picked fragments
2024-11-19 15:27:55,101 - INFO - Found 10 fragments for position 4 of a maximum of 40.
2024-11-19 15:27:55,105 - INFO - Creating fragment structures, attaching rotamer, superpositioning with theozyme residue, calculating rmsd to all accepted fragments with cutoff 1.0 A for position 5.
2024-11-19 15:27:55,277 - INFO - Discarded 0 fragments that show clashes between backbone and channel placeholder with VdW multiplier 1.0
2024-11-19 15:27:55,277 - INFO - Discarded 0 fragments that show clashes between backbone and ligand with VdW multiplier 1.0
2024-11-19 15:27:55,277 - INFO - Discarded 0 fragments that show clashes between sidechain and ligand with VdW multiplier 0.75
2024-11-19 15:27:55,277 - INFO - Discarded 12 fragments that did not pass RMSD cutoff of 1.0 to all other picked fragments
2024-11-19 15:27:55,277 - INFO - Found 10 fragments for position 5 of a maximum of 50.
2024-11-19 15:27:55,281 - INFO - Creating fragment structures, attaching rotamer, superpositioning with theozyme residue, calculating rmsd to all accepted fragments with cutoff 1.0 A for position 6.
2024-11-19 15:27:55,480 - INFO - Discarded 0 fragments that show clashes between backbone and channel placeholder with VdW multiplier 1.0
2024-11-19 15:27:55,480 - INFO - Discarded 0 fragments that show clashes between backbone and ligand with VdW multiplier 1.0
2024-11-19 15:27:55,480 - INFO - Discarded 0 fragments that show clashes between sidechain and ligand with VdW multiplier 0.75
2024-11-19 15:27:55,480 - INFO - Discarded 12 fragments that did not pass RMSD cutoff of 1.0 to all other picked fragments
2024-11-19 15:27:55,480 - INFO - Found 10 fragments for position 6 of a maximum of 60.
2024-11-19 15:27:55,485 - INFO - Found 50 fragments that passed all filters.
2024-11-19 15:27:55,487 - INFO - Writing fragment details to examples/outputs/rad_fragments/fragments/fragment_info/fragments_1051A.csv.
2024-11-19 15:27:55,489 - INFO - Writing multimodel fragment pdb to examples/outputs/rad_fragments/fragments/1051A.pdb.
2024-11-19 15:27:55,503 - INFO - Writing output json to examples/outputs/rad_fragments/fragments/1051A.json.
2024-11-19 15:27:55,504 - INFO - Done in 4.7 seconds!
2024-11-19 15:27:55,504 - INFO - Added residues with equivalent functional groups: ['ASN', 'GLN']
2024-11-19 15:27:55,507 - INFO - Identifying rotamers...
2024-11-19 15:27:55,507 - INFO - Position 2 phi/psi angles: -64.8 / -41.0.
2024-11-19 15:27:55,522 - INFO - Searching for rotamers in phi/psi bin -60.0/-40.0.
2024-11-19 15:27:55,561 - INFO - Searching for rotamers in phi/psi bin -60.0/-40.0.
2024-11-19 15:27:55,569 - INFO - Found 25 rotamers for position 2.
2024-11-19 15:27:55,570 - INFO - Position 3 phi/psi angles: -64.8 / -41.0.
2024-11-19 15:27:55,584 - INFO - Searching for rotamers in phi/psi bin -60.0/-40.0.
2024-11-19 15:27:55,622 - INFO - Searching for rotamers in phi/psi bin -60.0/-40.0.
2024-11-19 15:27:55,630 - INFO - Found 25 rotamers for position 3.
2024-11-19 15:27:55,630 - INFO - Position 4 phi/psi angles: -64.8 / -41.0.
2024-11-19 15:27:55,644 - INFO - Searching for rotamers in phi/psi bin -60.0/-40.0.
2024-11-19 15:27:55,684 - INFO - Searching for rotamers in phi/psi bin -60.0/-40.0.
2024-11-19 15:27:55,692 - INFO - Found 25 rotamers for position 4.
2024-11-19 15:27:55,692 - INFO - Position 5 phi/psi angles: -64.8 / -41.0.
2024-11-19 15:27:55,707 - INFO - Searching for rotamers in phi/psi bin -60.0/-40.0.
2024-11-19 15:27:55,745 - INFO - Searching for rotamers in phi/psi bin -60.0/-40.0.
2024-11-19 15:27:55,754 - INFO - Found 25 rotamers for position 5.
2024-11-19 15:27:55,755 - INFO - Position 6 phi/psi angles: -64.8 / -40.9.
2024-11-19 15:27:55,770 - INFO - Searching for rotamers in phi/psi bin -60.0/-40.0.
2024-11-19 15:27:55,808 - INFO - Searching for rotamers in phi/psi bin -60.0/-40.0.
2024-11-19 15:27:55,816 - INFO - Found 25 rotamers for position 6.
2024-11-19 15:27:55,818 - INFO - Found 125 rotamers in total.
2024-11-19 15:27:55,818 - INFO - Writing phi/psi combinations to examples/outputs/rad_fragments/fragments/rotamer_info/rotamers_1110A_combined.csv.
2024-11-19 15:27:55,846 - INFO - Created 25 fragments for position 2.
2024-11-19 15:27:55,874 - INFO - Created 25 fragments for position 3.
2024-11-19 15:27:55,902 - INFO - Created 25 fragments for position 4.
2024-11-19 15:27:55,930 - INFO - Created 25 fragments for position 5.
2024-11-19 15:27:55,958 - INFO - Created 25 fragments for position 6.
2024-11-19 15:27:55,959 - INFO - Creating fragment structures, attaching rotamer, superpositioning with theozyme residue, calculating rmsd to all accepted fragments with cutoff 1.0 A for position 2.
2024-11-19 15:27:56,309 - INFO - Discarded 0 fragments that show clashes between backbone and channel placeholder with VdW multiplier 1.0
2024-11-19 15:27:56,309 - INFO - Discarded 0 fragments that show clashes between backbone and ligand with VdW multiplier 1.0
2024-11-19 15:27:56,309 - INFO - Discarded 0 fragments that show clashes between sidechain and ligand with VdW multiplier 0.75
2024-11-19 15:27:56,309 - INFO - Discarded 18 fragments that did not pass RMSD cutoff of 1.0 to all other picked fragments
2024-11-19 15:27:56,309 - INFO - Found 7 fragments for position 2 of a maximum of 20.
2024-11-19 15:27:56,312 - INFO - Creating fragment structures, attaching rotamer, superpositioning with theozyme residue, calculating rmsd to all accepted fragments with cutoff 1.0 A for position 3.
2024-11-19 15:27:56,686 - INFO - Discarded 0 fragments that show clashes between backbone and channel placeholder with VdW multiplier 1.0
2024-11-19 15:27:56,687 - INFO - Discarded 0 fragments that show clashes between backbone and ligand with VdW multiplier 1.0
2024-11-19 15:27:56,687 - INFO - Discarded 0 fragments that show clashes between sidechain and ligand with VdW multiplier 0.75
2024-11-19 15:27:56,687 - INFO - Discarded 18 fragments that did not pass RMSD cutoff of 1.0 to all other picked fragments
2024-11-19 15:27:56,687 - INFO - Found 7 fragments for position 3 of a maximum of 33.
2024-11-19 15:27:56,690 - INFO - Creating fragment structures, attaching rotamer, superpositioning with theozyme residue, calculating rmsd to all accepted fragments with cutoff 1.0 A for position 4.
2024-11-19 15:27:57,044 - INFO - Discarded 0 fragments that show clashes between backbone and channel placeholder with VdW multiplier 1.0
2024-11-19 15:27:57,044 - INFO - Discarded 0 fragments that show clashes between backbone and ligand with VdW multiplier 1.0
2024-11-19 15:27:57,044 - INFO - Discarded 0 fragments that show clashes between sidechain and ligand with VdW multiplier 0.75
2024-11-19 15:27:57,044 - INFO - Discarded 18 fragments that did not pass RMSD cutoff of 1.0 to all other picked fragments
2024-11-19 15:27:57,044 - INFO - Found 7 fragments for position 4 of a maximum of 46.
2024-11-19 15:27:57,047 - INFO - Creating fragment structures, attaching rotamer, superpositioning with theozyme residue, calculating rmsd to all accepted fragments with cutoff 1.0 A for position 5.
2024-11-19 15:27:57,399 - INFO - Discarded 0 fragments that show clashes between backbone and channel placeholder with VdW multiplier 1.0
2024-11-19 15:27:57,399 - INFO - Discarded 0 fragments that show clashes between backbone and ligand with VdW multiplier 1.0
2024-11-19 15:27:57,399 - INFO - Discarded 0 fragments that show clashes between sidechain and ligand with VdW multiplier 0.75
2024-11-19 15:27:57,399 - INFO - Discarded 18 fragments that did not pass RMSD cutoff of 1.0 to all other picked fragments
2024-11-19 15:27:57,399 - INFO - Found 7 fragments for position 5 of a maximum of 59.
2024-11-19 15:27:57,402 - INFO - Creating fragment structures, attaching rotamer, superpositioning with theozyme residue, calculating rmsd to all accepted fragments with cutoff 1.0 A for position 6.
2024-11-19 15:27:57,753 - INFO - Discarded 0 fragments that show clashes between backbone and channel placeholder with VdW multiplier 1.0
2024-11-19 15:27:57,753 - INFO - Discarded 0 fragments that show clashes between backbone and ligand with VdW multiplier 1.0
2024-11-19 15:27:57,753 - INFO - Discarded 0 fragments that show clashes between sidechain and ligand with VdW multiplier 0.75
2024-11-19 15:27:57,753 - INFO - Discarded 16 fragments that did not pass RMSD cutoff of 1.0 to all other picked fragments
2024-11-19 15:27:57,753 - INFO - Found 9 fragments for position 6 of a maximum of 72.
2024-11-19 15:27:57,757 - INFO - Found 37 fragments that passed all filters.
2024-11-19 15:27:57,758 - INFO - Writing fragment details to examples/outputs/rad_fragments/fragments/fragment_info/fragments_1110A.csv.
2024-11-19 15:27:57,760 - INFO - Writing multimodel fragment pdb to examples/outputs/rad_fragments/fragments/1110A.pdb.
2024-11-19 15:27:57,770 - INFO - Writing output json to examples/outputs/rad_fragments/fragments/1110A.json.
2024-11-19 15:27:57,770 - INFO - Done in 7.0 seconds!
2024-11-19 15:27:57,770 - INFO - Added residues with equivalent functional groups: ['TYR']
2024-11-19 15:27:57,773 - INFO - Identifying rotamers...
2024-11-19 15:27:57,774 - INFO - Position 2 phi/psi angles: -64.8 / -41.0.
2024-11-19 15:27:57,779 - INFO - Searching for rotamers in phi/psi bin -60.0/-40.0.
2024-11-19 15:27:57,784 - INFO - Found 11 rotamers for position 2.
2024-11-19 15:27:57,785 - INFO - Position 3 phi/psi angles: -64.8 / -41.0.
2024-11-19 15:27:57,791 - INFO - Searching for rotamers in phi/psi bin -60.0/-40.0.
2024-11-19 15:27:57,796 - INFO - Found 11 rotamers for position 3.
2024-11-19 15:27:57,796 - INFO - Position 4 phi/psi angles: -64.8 / -41.0.
2024-11-19 15:27:57,802 - INFO - Searching for rotamers in phi/psi bin -60.0/-40.0.
2024-11-19 15:27:57,808 - INFO - Found 11 rotamers for position 4.
2024-11-19 15:27:57,808 - INFO - Position 5 phi/psi angles: -64.8 / -41.0.
2024-11-19 15:27:57,814 - INFO - Searching for rotamers in phi/psi bin -60.0/-40.0.
2024-11-19 15:27:57,819 - INFO - Found 11 rotamers for position 5.
2024-11-19 15:27:57,819 - INFO - Position 6 phi/psi angles: -64.8 / -40.9.
2024-11-19 15:27:57,825 - INFO - Searching for rotamers in phi/psi bin -60.0/-40.0.
2024-11-19 15:27:57,830 - INFO - Found 11 rotamers for position 6.
2024-11-19 15:27:57,831 - INFO - Found 55 rotamers in total.
2024-11-19 15:27:57,832 - INFO - Writing phi/psi combinations to examples/outputs/rad_fragments/fragments/rotamer_info/rotamers_1180A_combined.csv.
2024-11-19 15:27:57,844 - INFO - Created 11 fragments for position 2.
2024-11-19 15:27:57,856 - INFO - Created 11 fragments for position 3.
2024-11-19 15:27:57,869 - INFO - Created 11 fragments for position 4.
2024-11-19 15:27:57,881 - INFO - Created 11 fragments for position 5.
2024-11-19 15:27:57,893 - INFO - Created 11 fragments for position 6.
2024-11-19 15:27:57,894 - INFO - Creating fragment structures, attaching rotamer, superpositioning with theozyme residue, calculating rmsd to all accepted fragments with cutoff 1.0 A for position 2.
2024-11-19 15:27:58,099 - INFO - Discarded 0 fragments that show clashes between backbone and channel placeholder with VdW multiplier 1.0
2024-11-19 15:27:58,099 - INFO - Discarded 0 fragments that show clashes between backbone and ligand with VdW multiplier 1.0
2024-11-19 15:27:58,099 - INFO - Discarded 0 fragments that show clashes between sidechain and ligand with VdW multiplier 0.75
2024-11-19 15:27:58,099 - INFO - Discarded 12 fragments that did not pass RMSD cutoff of 1.0 to all other picked fragments
2024-11-19 15:27:58,099 - INFO - Found 10 fragments for position 2 of a maximum of 20.
2024-11-19 15:27:58,103 - INFO - Creating fragment structures, attaching rotamer, superpositioning with theozyme residue, calculating rmsd to all accepted fragments with cutoff 1.0 A for position 3.
2024-11-19 15:27:58,276 - INFO - Discarded 0 fragments that show clashes between backbone and channel placeholder with VdW multiplier 1.0
2024-11-19 15:27:58,277 - INFO - Discarded 0 fragments that show clashes between backbone and ligand with VdW multiplier 1.0
2024-11-19 15:27:58,277 - INFO - Discarded 0 fragments that show clashes between sidechain and ligand with VdW multiplier 0.75
2024-11-19 15:27:58,277 - INFO - Discarded 12 fragments that did not pass RMSD cutoff of 1.0 to all other picked fragments
2024-11-19 15:27:58,277 - INFO - Found 10 fragments for position 3 of a maximum of 30.
2024-11-19 15:27:58,281 - INFO - Creating fragment structures, attaching rotamer, superpositioning with theozyme residue, calculating rmsd to all accepted fragments with cutoff 1.0 A for position 4.
2024-11-19 15:27:58,480 - INFO - Discarded 0 fragments that show clashes between backbone and channel placeholder with VdW multiplier 1.0
2024-11-19 15:27:58,480 - INFO - Discarded 0 fragments that show clashes between backbone and ligand with VdW multiplier 1.0
2024-11-19 15:27:58,480 - INFO - Discarded 0 fragments that show clashes between sidechain and ligand with VdW multiplier 0.75
2024-11-19 15:27:58,480 - INFO - Discarded 12 fragments that did not pass RMSD cutoff of 1.0 to all other picked fragments
2024-11-19 15:27:58,480 - INFO - Found 10 fragments for position 4 of a maximum of 40.
2024-11-19 15:27:58,484 - INFO - Creating fragment structures, attaching rotamer, superpositioning with theozyme residue, calculating rmsd to all accepted fragments with cutoff 1.0 A for position 5.
2024-11-19 15:27:58,677 - INFO - Discarded 0 fragments that show clashes between backbone and channel placeholder with VdW multiplier 1.0
2024-11-19 15:27:58,677 - INFO - Discarded 2 fragments that show clashes between backbone and ligand with VdW multiplier 1.0
2024-11-19 15:27:58,677 - INFO - Discarded 0 fragments that show clashes between sidechain and ligand with VdW multiplier 0.75
2024-11-19 15:27:58,677 - INFO - Discarded 12 fragments that did not pass RMSD cutoff of 1.0 to all other picked fragments
2024-11-19 15:27:58,677 - INFO - Found 8 fragments for position 5 of a maximum of 50.
2024-11-19 15:27:58,681 - INFO - Creating fragment structures, attaching rotamer, superpositioning with theozyme residue, calculating rmsd to all accepted fragments with cutoff 1.0 A for position 6.
2024-11-19 15:27:58,850 - INFO - Discarded 0 fragments that show clashes between backbone and channel placeholder with VdW multiplier 1.0
2024-11-19 15:27:58,850 - INFO - Discarded 2 fragments that show clashes between backbone and ligand with VdW multiplier 1.0
2024-11-19 15:27:58,850 - INFO - Discarded 0 fragments that show clashes between sidechain and ligand with VdW multiplier 0.75
2024-11-19 15:27:58,850 - INFO - Discarded 12 fragments that did not pass RMSD cutoff of 1.0 to all other picked fragments
2024-11-19 15:27:58,850 - INFO - Found 8 fragments for position 6 of a maximum of 62.
2024-11-19 15:27:58,853 - INFO - Found 46 fragments that passed all filters.
2024-11-19 15:27:58,856 - INFO - Writing fragment details to examples/outputs/rad_fragments/fragments/fragment_info/fragments_1180A.csv.
2024-11-19 15:27:58,858 - INFO - Writing multimodel fragment pdb to examples/outputs/rad_fragments/fragments/1180A.pdb.
2024-11-19 15:27:58,871 - INFO - Writing output json to examples/outputs/rad_fragments/fragments/1180A.json.
2024-11-19 15:27:58,871 - INFO - Done in 8.1 seconds!
